2025-11-04 09:00:13,918 - __main__ - INFO - 已设置 12 个cookies
2025-11-04 09:00:13,918 - __main__ - INFO - 小米笔记导出器初始化完成
2025-11-04 09:00:13,918 - __main__ - INFO - 开始导出小米笔记...
2025-11-04 09:00:13,919 - __main__ - INFO - 分批大小: 50 条笔记/文件
2025-11-04 09:00:13,919 - __main__ - INFO - 输出目录: exported_notes
2025-11-04 09:00:14,127 - __main__ - INFO - 登录状态检查成功
2025-11-04 09:00:14,127 - __main__ - INFO - 获取笔记列表，syncTag: None
2025-11-04 09:00:14,251 - __main__ - INFO - 本次获取 194 条笔记，总共 194 条
2025-11-04 09:00:14,251 - __main__ - INFO - 获取笔记列表，syncTag: 41948179363939456
2025-11-04 09:00:14,500 - __main__ - INFO - 本次获取 196 条笔记，总共 390 条
2025-11-04 09:00:14,501 - __main__ - INFO - 获取笔记列表，syncTag: 48149502019912960
2025-11-04 09:00:14,594 - __main__ - INFO - 本次获取 51 条笔记，总共 441 条
2025-11-04 09:00:14,594 - __main__ - INFO - 获取笔记列表，syncTag: 48149537580925312
2025-11-04 09:00:14,635 - __main__ - INFO - 本次获取 0 条笔记，总共 441 条
2025-11-04 09:00:14,636 - __main__ - WARNING - 找不到文件夹ID 1 对应的文件夹
2025-11-04 09:00:14,636 - __main__ - WARNING - 找不到文件夹ID 1 对应的文件夹
2025-11-04 09:00:14,637 - __main__ - INFO - 开始导出文件夹: 书评 (包含 1 条笔记)
2025-11-04 09:00:14,725 - __main__ - INFO - 已导出分块: exported_notes\书评.enex (包含 1 条笔记)
2025-11-04 09:00:14,725 - __main__ - INFO - 文件夹 书评 导出完成 (成功 1/1 条笔记)
2025-11-04 09:00:14,725 - __main__ - INFO - 开始导出文件夹: 我和爸爸的故事。 (包含 1 条笔记)
2025-11-04 09:00:15,303 - __main__ - INFO - 已导出分块: exported_notes\我和爸爸的故事。.enex (包含 1 条笔记)
2025-11-04 09:00:15,303 - __main__ - INFO - 文件夹 我和爸爸的故事。 导出完成 (成功 1/1 条笔记)
2025-11-04 09:00:15,303 - __main__ - INFO - 开始导出文件夹: 我和外婆的故事。 (包含 1 条笔记)
2025-11-04 09:00:15,825 - __main__ - INFO - 已导出分块: exported_notes\我和外婆的故事。.enex (包含 1 条笔记)
2025-11-04 09:00:15,825 - __main__ - INFO - 文件夹 我和外婆的故事。 导出完成 (成功 1/1 条笔记)
2025-11-04 09:00:15,825 - __main__ - INFO - 开始导出文件夹: 节日。 (包含 8 条笔记)
2025-11-04 09:00:17,454 - __main__ - INFO - 已导出分块: exported_notes\节日。.enex (包含 8 条笔记)
2025-11-04 09:00:17,454 - __main__ - INFO - 文件夹 节日。 导出完成 (成功 8/8 条笔记)
2025-11-04 09:00:17,455 - __main__ - INFO - 开始导出文件夹: 我和妈妈的故事😊。 (包含 5 条笔记)
2025-11-04 09:00:19,109 - __main__ - INFO - 已导出分块: exported_notes\我和妈妈的故事😊。.enex (包含 5 条笔记)
2025-11-04 09:00:19,110 - __main__ - INFO - 文件夹 我和妈妈的故事😊。 导出完成 (成功 5/5 条笔记)
2025-11-04 09:00:19,110 - __main__ - INFO - 开始导出文件夹: 冬儿 (包含 8 条笔记)
2025-11-04 09:00:19,447 - __main__ - INFO - 已导出分块: exported_notes\冬儿.enex (包含 8 条笔记)
2025-11-04 09:00:19,447 - __main__ - INFO - 文件夹 冬儿 导出完成 (成功 8/8 条笔记)
2025-11-04 09:00:19,447 - __main__ - INFO - 开始导出文件夹: 我的故事。 (包含 6 条笔记)
2025-11-04 09:00:21,293 - __main__ - INFO - 已导出分块: exported_notes\我的故事。.enex (包含 6 条笔记)
2025-11-04 09:00:21,293 - __main__ - INFO - 文件夹 我的故事。 导出完成 (成功 6/6 条笔记)
2025-11-04 09:00:21,293 - __main__ - INFO - 开始导出文件夹: 便签夹 (包含 173 条笔记)
2025-11-04 09:00:23,489 - __main__ - INFO - 已导出分块: exported_notes\便签夹_part01.enex (包含 50 条笔记)
2025-11-04 09:00:25,716 - __main__ - INFO - 已导出分块: exported_notes\便签夹_part02.enex (包含 50 条笔记)
2025-11-04 09:00:28,386 - __main__ - INFO - 已导出分块: exported_notes\便签夹_part03.enex (包含 50 条笔记)
2025-11-04 09:00:29,383 - __main__ - INFO - 已导出分块: exported_notes\便签夹_part04.enex (包含 23 条笔记)
2025-11-04 09:00:29,384 - __main__ - INFO - 文件夹 便签夹 导出完成 (成功 173/173 条笔记)
2025-11-04 09:00:29,384 - __main__ - INFO - 开始导出文件夹: 千本樱文库运营事项 (包含 7 条笔记)
2025-11-04 09:00:29,695 - __main__ - INFO - 已导出分块: exported_notes\千本樱文库运营事项.enex (包含 7 条笔记)
2025-11-04 09:00:29,695 - __main__ - INFO - 文件夹 千本樱文库运营事项 导出完成 (成功 7/7 条笔记)
2025-11-04 09:00:29,695 - __main__ - INFO - 开始导出文件夹: 未分类内容 (包含 229 条笔记)
2025-11-04 09:00:32,637 - __main__ - INFO - 已导出分块: exported_notes\未分类内容_part01.enex (包含 50 条笔记)
2025-11-04 09:00:35,153 - __main__ - INFO - 已导出分块: exported_notes\未分类内容_part02.enex (包含 50 条笔记)
2025-11-04 09:00:37,295 - __main__ - INFO - 已导出分块: exported_notes\未分类内容_part03.enex (包含 50 条笔记)
2025-11-04 09:00:39,645 - __main__ - INFO - 已导出分块: exported_notes\未分类内容_part04.enex (包含 50 条笔记)
2025-11-04 09:00:40,933 - __main__ - INFO - 已导出分块: exported_notes\未分类内容_part05.enex (包含 29 条笔记)
2025-11-04 09:00:40,934 - __main__ - INFO - 文件夹 未分类内容 导出完成 (成功 229/229 条笔记)
2025-11-04 09:00:40,934 - __main__ - INFO - 所有文件夹导出完成！总共导出 439 条笔记，失败 0 条
2025-11-04 09:00:40,934 - __main__ - INFO - 文件保存在: C:\Users\HUAWEI\Downloads\package\exported_notes
2025-11-04 09:00:40,934 - __main__ - INFO - 导出完成!
